[2025-09-28 15:23:28] - [config_utils.py:105] - [INFO]: Loading App Settings
[2025-09-28 15:23:28] - [config_utils.py:105] - [INFO]: Loading App Settings
[2025-09-28 15:23:31] - [config_utils.py:105] - [INFO]: Loading App Settings
[2025-09-28 15:23:31] - [config_utils.py:105] - [INFO]: Loading App Settings
[2025-09-28 15:23:31] - [config_utils.py:105] - [INFO]: Loading App Settings
[2025-09-28 15:23:31] - [base_controller.py:26] - [INFO]: Setting all seeds...
[2025-09-28 15:23:32] - [annot_loading.py:42] - [INFO]: Initializing Annotation Loader Object...
[2025-09-28 15:23:32] - [annot_loading.py:310] - [INFO]: Loading Data from pickle file: data/volleyball/volleyball_dataset.pkl
[2025-09-28 15:23:40] - [model_controller.py:47] - [INFO]: Baseline-1 Configuration:
[2025-09-28 15:23:40] - [model_controller.py:49] - [INFO]:   - FEATURES_SHAPE_0: 224
[2025-09-28 15:23:40] - [model_controller.py:49] - [INFO]:   - FEATURES_SHAPE_1: 224
[2025-09-28 15:23:40] - [model_controller.py:49] - [INFO]:   - LEFT_FRAMES: 5
[2025-09-28 15:23:40] - [model_controller.py:49] - [INFO]:   - RIGHT_FRAMES: 4
[2025-09-28 15:23:40] - [model_controller.py:49] - [INFO]:   - TRAIN_EPOCHS: 10
[2025-09-28 15:23:40] - [model_controller.py:49] - [INFO]:   - TRAIN_BATCH_SIZE: 32
[2025-09-28 15:23:40] - [model_controller.py:49] - [INFO]:   - EVAL_BATCH_SIZE: 256
[2025-09-28 15:23:40] - [model_controller.py:49] - [INFO]:   - LR: 0.0001
[2025-09-28 15:23:40] - [model_controller.py:49] - [INFO]:   - FREEZE_BACKBONE: False
[2025-09-28 15:23:40] - [model_controller.py:49] - [INFO]:   - NUM_WORKERS: 6
[2025-09-28 15:23:40] - [model_controller.py:49] - [INFO]:   - OPTIMIZER: AdamW
[2025-09-28 15:23:40] - [model_controller.py:49] - [INFO]:   - WEIGHT_DECAY: 0.001
[2025-09-28 15:23:40] - [model_controller.py:49] - [INFO]:   - LOSS_FN: cross_entropy_loss
[2025-09-28 15:23:40] - [model_controller.py:49] - [INFO]:   - EXPERIMENT_NUM: 1
[2025-09-28 15:23:40] - [model_controller.py:50] - [INFO]:   - Scheduler: ReduceLROnPlateau
[2025-09-28 15:23:40] - [baseline1.py:48] - [INFO]: Initializing Baseline 1 Custom Dataset (mode=ModelMode.TRAIN)...
[2025-09-28 15:23:40] - [baseline1.py:123] - [INFO]: Loading Image Paths and Labels...
[2025-09-28 15:23:41] - [baseline1.py:93] - [INFO]: Dataset Configuration:
  - Mode: ModelMode.TRAIN
  - Image shape: (224, 224)
  - Num right frames: 4
  - Num left frames: 5
  - Dataset size (after init): 21520
  - Transforms:
    * ToPILImage()
    * Resize(size=(256, 256), interpolation=bilinear, max_size=None, antialias=True)
    * CenterCrop(size=(224, 224))
    * RandomChoice(
    ColorJitter(brightness=(0.8, 1.2), contrast=(0.8, 1.2), saturation=(0.8, 1.2), hue=(-0.05, 0.05))
    RandomGrayscale(p=1.0)
    GaussianBlur(kernel_size=(3, 3), sigma=(0.1, 2.0))
)(p=None)
    * ToTensor()
    * Normalize(mean=[0.485, 0.456, 0.406], std=[0.229, 0.224, 0.225])
[2025-09-28 15:23:41] - [baseline1.py:48] - [INFO]: Initializing Baseline 1 Custom Dataset (mode=ModelMode.VALIDATION)...
[2025-09-28 15:23:41] - [baseline1.py:123] - [INFO]: Loading Image Paths and Labels...
[2025-09-28 15:23:42] - [baseline1.py:93] - [INFO]: Dataset Configuration:
  - Mode: ModelMode.VALIDATION
  - Image shape: (224, 224)
  - Num right frames: 4
  - Num left frames: 5
  - Dataset size (after init): 13410
  - Transforms:
    * ToPILImage()
    * Resize(size=(256, 256), interpolation=bilinear, max_size=None, antialias=True)
    * CenterCrop(size=(224, 224))
    * ToTensor()
    * Normalize(mean=[0.485, 0.456, 0.406], std=[0.229, 0.224, 0.225])
[2025-09-28 15:23:42] - [model_utils.py:233] - [INFO]: Training Started and in Progress...
[2025-09-28 15:23:42] - [model_utils.py:263] - [INFO]: Epoch 1/10
[2025-09-28 15:23:47] - [model_utils.py:106] - [INFO]: 	[BATCH 0/673] Loss: 2.0849 | Acc: 17.08%
[2025-09-28 15:24:54] - [model_utils.py:106] - [INFO]: 	[BATCH 100/673] Loss: 1.5171 | Acc: 33.75%
[2025-09-28 15:26:06] - [model_utils.py:106] - [INFO]: 	[BATCH 200/673] Loss: 0.8889 | Acc: 66.25%
[2025-09-28 15:27:08] - [model_utils.py:106] - [INFO]: 	[BATCH 300/673] Loss: 0.5219 | Acc: 90.31%
[2025-09-28 15:28:07] - [model_utils.py:106] - [INFO]: 	[BATCH 400/673] Loss: 0.2434 | Acc: 85.24%
[2025-09-28 15:29:04] - [model_utils.py:106] - [INFO]: 	[BATCH 500/673] Loss: 0.2848 | Acc: 90.00%
[2025-09-28 15:29:57] - [model_utils.py:106] - [INFO]: 	[BATCH 600/673] Loss: 0.2952 | Acc: 93.33%
[2025-09-28 15:34:16] - [model_utils.py:297] - [INFO]: Epoch: 1 | Train loss: 0.7435 | Train acc: 72.52% | Eval loss: 1.0080 | Eval acc: 72.11%
[2025-09-28 15:34:17] - [model_utils.py:567] - [INFO]: Checkpoint B1Model_epoch_0 saved in models/B1Model/1/checkpoints/epochs
[2025-09-28 15:34:17] - [model_utils.py:567] - [INFO]: Checkpoint B1Model_best_loss saved in models/B1Model/1/checkpoints/best
[2025-09-28 15:34:18] - [model_utils.py:567] - [INFO]: Checkpoint B1Model_best_acc saved in models/B1Model/1/checkpoints/best
[2025-09-28 15:34:18] - [model_utils.py:263] - [INFO]: Epoch 2/10
[2025-09-28 15:34:20] - [model_utils.py:106] - [INFO]: 	[BATCH 0/673] Loss: 0.1233 | Acc: 98.61%
[2025-09-28 15:34:56] - [model_utils.py:106] - [INFO]: 	[BATCH 100/673] Loss: 0.2396 | Acc: 78.12%
[2025-09-28 15:35:27] - [model_utils.py:106] - [INFO]: 	[BATCH 200/673] Loss: 0.0582 | Acc: 100.00%
[2025-09-28 15:35:57] - [model_utils.py:106] - [INFO]: 	[BATCH 300/673] Loss: 0.1045 | Acc: 96.88%
[2025-09-28 15:36:26] - [model_utils.py:106] - [INFO]: 	[BATCH 400/673] Loss: 0.2431 | Acc: 90.83%
[2025-09-28 15:36:54] - [model_utils.py:106] - [INFO]: 	[BATCH 500/673] Loss: 0.0243 | Acc: 100.00%
[2025-09-28 15:37:19] - [model_utils.py:106] - [INFO]: 	[BATCH 600/673] Loss: 0.0622 | Acc: 97.92%
[2025-09-28 15:39:36] - [model_utils.py:297] - [INFO]: Epoch: 2 | Train loss: 0.1216 | Train acc: 96.41% | Eval loss: 1.2816 | Eval acc: 70.76%
[2025-09-28 15:39:36] - [model_utils.py:263] - [INFO]: Epoch 3/10
[2025-09-28 15:39:37] - [model_utils.py:106] - [INFO]: 	[BATCH 0/673] Loss: 0.2028 | Acc: 94.79%
[2025-09-28 15:39:55] - [model_utils.py:106] - [INFO]: 	[BATCH 100/673] Loss: 0.0218 | Acc: 100.00%
[2025-09-28 15:40:14] - [model_utils.py:106] - [INFO]: 	[BATCH 200/673] Loss: 0.0496 | Acc: 97.92%
[2025-09-28 15:40:32] - [model_utils.py:106] - [INFO]: 	[BATCH 300/673] Loss: 0.0947 | Acc: 94.29%
[2025-09-28 15:40:49] - [model_utils.py:106] - [INFO]: 	[BATCH 400/673] Loss: 0.0887 | Acc: 81.77%
[2025-09-28 15:41:06] - [model_utils.py:106] - [INFO]: 	[BATCH 500/673] Loss: 0.2144 | Acc: 97.50%
[2025-09-28 15:41:26] - [model_utils.py:106] - [INFO]: 	[BATCH 600/673] Loss: 0.1103 | Acc: 93.33%
[2025-09-28 15:42:44] - [model_utils.py:297] - [INFO]: Epoch: 3 | Train loss: 0.0686 | Train acc: 98.08% | Eval loss: 1.2872 | Eval acc: 73.68%
[2025-09-28 15:42:45] - [model_utils.py:567] - [INFO]: Checkpoint B1Model_epoch_2 saved in models/B1Model/1/checkpoints/epochs
[2025-09-28 15:42:46] - [model_utils.py:567] - [INFO]: Checkpoint B1Model_best_acc saved in models/B1Model/1/checkpoints/best
[2025-09-28 15:42:46] - [model_utils.py:263] - [INFO]: Epoch 4/10
[2025-09-28 15:42:47] - [model_utils.py:106] - [INFO]: 	[BATCH 0/673] Loss: 0.0242 | Acc: 100.00%
[2025-09-28 15:43:06] - [model_utils.py:106] - [INFO]: 	[BATCH 100/673] Loss: 0.0741 | Acc: 98.70%
[2025-09-28 15:43:25] - [model_utils.py:106] - [INFO]: 	[BATCH 200/673] Loss: 0.0419 | Acc: 100.00%
[2025-09-28 15:43:44] - [model_utils.py:106] - [INFO]: 	[BATCH 300/673] Loss: 0.0221 | Acc: 100.00%
[2025-09-28 15:44:04] - [model_utils.py:106] - [INFO]: 	[BATCH 400/673] Loss: 0.0144 | Acc: 100.00%
[2025-09-28 15:44:23] - [model_utils.py:106] - [INFO]: 	[BATCH 500/673] Loss: 0.0863 | Acc: 97.92%
[2025-09-28 15:44:41] - [model_utils.py:106] - [INFO]: 	[BATCH 600/673] Loss: 0.0401 | Acc: 95.83%
[2025-09-28 15:45:54] - [model_utils.py:297] - [INFO]: Epoch: 4 | Train loss: 0.0468 | Train acc: 98.59% | Eval loss: 1.2812 | Eval acc: 74.60%
[2025-09-28 15:45:55] - [model_utils.py:567] - [INFO]: Checkpoint B1Model_best_acc saved in models/B1Model/1/checkpoints/best
[2025-09-28 15:45:55] - [model_utils.py:263] - [INFO]: Epoch 5/10
[2025-09-28 15:45:56] - [model_utils.py:106] - [INFO]: 	[BATCH 0/673] Loss: 0.0099 | Acc: 100.00%
[2025-09-28 15:46:15] - [model_utils.py:106] - [INFO]: 	[BATCH 100/673] Loss: 0.0704 | Acc: 97.92%
[2025-09-28 15:46:33] - [model_utils.py:106] - [INFO]: 	[BATCH 200/673] Loss: 0.0051 | Acc: 100.00%
[2025-09-28 15:46:53] - [model_utils.py:106] - [INFO]: 	[BATCH 300/673] Loss: 0.0287 | Acc: 100.00%
[2025-09-28 15:47:12] - [model_utils.py:106] - [INFO]: 	[BATCH 400/673] Loss: 0.0031 | Acc: 100.00%
[2025-09-28 15:47:30] - [model_utils.py:106] - [INFO]: 	[BATCH 500/673] Loss: 0.0077 | Acc: 100.00%
[2025-09-28 15:47:49] - [model_utils.py:106] - [INFO]: 	[BATCH 600/673] Loss: 0.0137 | Acc: 100.00%
[2025-09-28 15:48:59] - [model_utils.py:297] - [INFO]: Epoch: 5 | Train loss: 0.0412 | Train acc: 98.81% | Eval loss: 1.5604 | Eval acc: 69.93%
[2025-09-28 15:48:59] - [model_utils.py:567] - [INFO]: Checkpoint B1Model_epoch_4 saved in models/B1Model/1/checkpoints/epochs
[2025-09-28 15:48:59] - [model_utils.py:263] - [INFO]: Epoch 6/10
[2025-09-28 15:49:01] - [model_utils.py:106] - [INFO]: 	[BATCH 0/673] Loss: 0.0229 | Acc: 100.00%
[2025-09-28 15:49:19] - [model_utils.py:106] - [INFO]: 	[BATCH 100/673] Loss: 0.0049 | Acc: 100.00%
[2025-09-28 15:49:38] - [model_utils.py:106] - [INFO]: 	[BATCH 200/673] Loss: 0.0226 | Acc: 100.00%
[2025-09-28 15:49:57] - [model_utils.py:106] - [INFO]: 	[BATCH 300/673] Loss: 0.0027 | Acc: 100.00%
[2025-09-28 15:50:15] - [model_utils.py:106] - [INFO]: 	[BATCH 400/673] Loss: 0.0025 | Acc: 100.00%
[2025-09-28 15:50:31] - [model_utils.py:106] - [INFO]: 	[BATCH 500/673] Loss: 0.0011 | Acc: 100.00%
[2025-09-28 15:50:47] - [model_utils.py:106] - [INFO]: 	[BATCH 600/673] Loss: 0.0011 | Acc: 100.00%
[2025-09-28 15:51:54] - [model_utils.py:297] - [INFO]: Epoch: 6 | Train loss: 0.0174 | Train acc: 99.55% | Eval loss: 1.3231 | Eval acc: 75.28%
[2025-09-28 15:51:55] - [model_utils.py:567] - [INFO]: Checkpoint B1Model_best_acc saved in models/B1Model/1/checkpoints/best
[2025-09-28 15:51:55] - [model_utils.py:263] - [INFO]: Epoch 7/10
[2025-09-28 15:51:57] - [model_utils.py:106] - [INFO]: 	[BATCH 0/673] Loss: 0.0008 | Acc: 100.00%
[2025-09-28 15:52:15] - [model_utils.py:106] - [INFO]: 	[BATCH 100/673] Loss: 0.0163 | Acc: 100.00%
[2025-09-28 15:52:33] - [model_utils.py:106] - [INFO]: 	[BATCH 200/673] Loss: 0.0025 | Acc: 100.00%
[2025-09-28 15:52:53] - [model_utils.py:106] - [INFO]: 	[BATCH 300/673] Loss: 0.0033 | Acc: 100.00%
[2025-09-28 15:53:10] - [model_utils.py:106] - [INFO]: 	[BATCH 400/673] Loss: 0.0017 | Acc: 100.00%
[2025-09-28 15:53:27] - [model_utils.py:106] - [INFO]: 	[BATCH 500/673] Loss: 0.0016 | Acc: 100.00%
[2025-09-28 15:53:43] - [model_utils.py:106] - [INFO]: 	[BATCH 600/673] Loss: 0.0008 | Acc: 100.00%
[2025-09-28 15:54:48] - [model_utils.py:297] - [INFO]: Epoch: 7 | Train loss: 0.0094 | Train acc: 99.72% | Eval loss: 1.3220 | Eval acc: 75.19%
[2025-09-28 15:54:49] - [model_utils.py:567] - [INFO]: Checkpoint B1Model_epoch_6 saved in models/B1Model/1/checkpoints/epochs
[2025-09-28 15:54:49] - [model_utils.py:263] - [INFO]: Epoch 8/10
[2025-09-28 15:54:50] - [model_utils.py:106] - [INFO]: 	[BATCH 0/673] Loss: 0.0129 | Acc: 100.00%
[2025-09-28 15:55:08] - [model_utils.py:106] - [INFO]: 	[BATCH 100/673] Loss: 0.0005 | Acc: 100.00%
[2025-09-28 15:55:27] - [model_utils.py:106] - [INFO]: 	[BATCH 200/673] Loss: 0.0011 | Acc: 100.00%
[2025-09-28 15:55:46] - [model_utils.py:106] - [INFO]: 	[BATCH 300/673] Loss: 0.0012 | Acc: 100.00%
[2025-09-28 15:56:05] - [model_utils.py:106] - [INFO]: 	[BATCH 400/673] Loss: 0.0030 | Acc: 100.00%
[2025-09-28 15:56:21] - [model_utils.py:106] - [INFO]: 	[BATCH 500/673] Loss: 0.0023 | Acc: 100.00%
[2025-09-28 15:56:37] - [model_utils.py:106] - [INFO]: 	[BATCH 600/673] Loss: 0.0005 | Acc: 100.00%
[2025-09-28 15:57:42] - [model_utils.py:297] - [INFO]: Epoch: 8 | Train loss: 0.0051 | Train acc: 99.86% | Eval loss: 1.3926 | Eval acc: 75.61%
[2025-09-28 15:57:43] - [model_utils.py:567] - [INFO]: Checkpoint B1Model_best_acc saved in models/B1Model/1/checkpoints/best
[2025-09-28 15:57:43] - [model_utils.py:263] - [INFO]: Epoch 9/10
[2025-09-28 15:57:44] - [model_utils.py:106] - [INFO]: 	[BATCH 0/673] Loss: 0.0004 | Acc: 100.00%
[2025-09-28 15:58:02] - [model_utils.py:106] - [INFO]: 	[BATCH 100/673] Loss: 0.0028 | Acc: 100.00%
[2025-09-28 15:58:21] - [model_utils.py:106] - [INFO]: 	[BATCH 200/673] Loss: 0.0004 | Acc: 100.00%
[2025-09-28 15:58:41] - [model_utils.py:106] - [INFO]: 	[BATCH 300/673] Loss: 0.0022 | Acc: 100.00%
[2025-09-28 15:58:59] - [model_utils.py:106] - [INFO]: 	[BATCH 400/673] Loss: 0.0040 | Acc: 100.00%
[2025-09-28 15:59:15] - [model_utils.py:106] - [INFO]: 	[BATCH 500/673] Loss: 0.0018 | Acc: 100.00%
[2025-09-28 15:59:31] - [model_utils.py:106] - [INFO]: 	[BATCH 600/673] Loss: 0.0005 | Acc: 100.00%
[2025-09-28 16:00:37] - [model_utils.py:297] - [INFO]: Epoch: 9 | Train loss: 0.0049 | Train acc: 99.85% | Eval loss: 1.4376 | Eval acc: 75.43%
[2025-09-28 16:00:38] - [model_utils.py:567] - [INFO]: Checkpoint B1Model_epoch_8 saved in models/B1Model/1/checkpoints/epochs
[2025-09-28 16:00:38] - [model_utils.py:263] - [INFO]: Epoch 10/10
[2025-09-28 16:00:39] - [model_utils.py:106] - [INFO]: 	[BATCH 0/673] Loss: 0.0003 | Acc: 100.00%
[2025-09-28 16:00:57] - [model_utils.py:106] - [INFO]: 	[BATCH 100/673] Loss: 0.0003 | Acc: 100.00%
[2025-09-28 16:01:16] - [model_utils.py:106] - [INFO]: 	[BATCH 200/673] Loss: 0.0021 | Acc: 100.00%
[2025-09-28 16:01:35] - [model_utils.py:106] - [INFO]: 	[BATCH 300/673] Loss: 0.0002 | Acc: 100.00%
[2025-09-28 16:01:54] - [model_utils.py:106] - [INFO]: 	[BATCH 400/673] Loss: 0.0009 | Acc: 100.00%
[2025-09-28 16:02:12] - [model_utils.py:106] - [INFO]: 	[BATCH 500/673] Loss: 0.0004 | Acc: 100.00%
[2025-09-28 16:02:31] - [model_utils.py:106] - [INFO]: 	[BATCH 600/673] Loss: 0.0079 | Acc: 100.00%
[2025-09-28 16:03:42] - [model_utils.py:297] - [INFO]: Epoch: 10 | Train loss: 0.0040 | Train acc: 99.89% | Eval loss: 1.4253 | Eval acc: 75.86%
[2025-09-28 16:03:43] - [model_utils.py:567] - [INFO]: Checkpoint B1Model_epoch_9 saved in models/B1Model/1/checkpoints/epochs
[2025-09-28 16:03:44] - [model_utils.py:567] - [INFO]: Checkpoint B1Model_best_acc saved in models/B1Model/1/checkpoints/best
[2025-09-28 16:03:44] - [model_utils.py:383] - [INFO]: Total Train time on cuda: 0:40:01
[2025-09-28 16:21:31] - [config_utils.py:105] - [INFO]: Loading App Settings
[2025-09-28 16:21:31] - [config_utils.py:105] - [INFO]: Loading App Settings
[2025-09-28 16:21:35] - [config_utils.py:105] - [INFO]: Loading App Settings
[2025-09-28 16:21:35] - [config_utils.py:105] - [INFO]: Loading App Settings
