[2025-10-09 19:57:26] - [baseline1.py:82] - [INFO]: Initializing Baseline 1 Custom Dataset (mode=ModelMode.TRAIN)...
[2025-10-09 19:57:26] - [baseline1.py:157] - [INFO]: Loading Image Paths and Labels...
[2025-10-09 19:57:26] - [baseline1.py:129] - [INFO]: Dataset Configuration:
  - Mode: ModelMode.TRAIN
  - Image shape: (224, 224)
  - Num right frames: 4
  - Num left frames: 5
  - Dataset size (after init): 21520
  - Transforms:
    * ToPILImage()
    * Resize(size=(256, 256), interpolation=bilinear, max_size=None, antialias=True)
    * CenterCrop(size=(224, 224))
    * RandomChoice(
    ColorJitter(brightness=(0.8, 1.2), contrast=(0.8, 1.2), saturation=(0.8, 1.2), hue=(-0.05, 0.05))
    RandomGrayscale(p=1.0)
    GaussianBlur(kernel_size=(3, 3), sigma=(0.1, 2.0))
)(p=None)
    * ToTensor()
    * Normalize(mean=[0.485, 0.456, 0.406], std=[0.229, 0.224, 0.225])
[2025-10-09 19:57:26] - [baseline1.py:82] - [INFO]: Initializing Baseline 1 Custom Dataset (mode=ModelMode.VALIDATION)...
[2025-10-09 19:57:26] - [baseline1.py:157] - [INFO]: Loading Image Paths and Labels...
[2025-10-09 19:57:27] - [baseline1.py:129] - [INFO]: Dataset Configuration:
  - Mode: ModelMode.VALIDATION
  - Image shape: (224, 224)
  - Num right frames: 4
  - Num left frames: 5
  - Dataset size (after init): 13410
  - Transforms:
    * ToPILImage()
    * Resize(size=(256, 256), interpolation=bilinear, max_size=None, antialias=True)
    * CenterCrop(size=(224, 224))
    * ToTensor()
    * Normalize(mean=[0.485, 0.456, 0.406], std=[0.229, 0.224, 0.225])
