[2025-10-08 21:25:31] - [model_controller.py:57] - [INFO]: Initializing ModelController Module...
[2025-10-08 21:25:31] - [model_controller.py:416] - [INFO]: Loading Model Config for baseline 3
[2025-10-08 21:25:31] - [model_controller.py:257] - [INFO]: Loading model for baseline 3
[2025-10-08 21:25:42] - [model_controller.py:296] - [INFO]: Loading dataset_class for baseline 3
[2025-10-08 21:25:42] - [model_controller.py:333] - [INFO]: Loading optimizer: AdamW
[2025-10-08 21:25:42] - [model_controller.py:363] - [INFO]: Loading Loss Function: cross_entropy_loss
[2025-10-08 21:25:42] - [model_controller.py:88] - [INFO]: Baseline-3 Configuration:
  - FEATURES_SHAPE_0: 224
  - FEATURES_SHAPE_1: 224
  - RIGHT_FRAMES: 0
  - LEFT_FRAMES: 0
  - TRAIN_EPOCHS: 3
  - TRAIN_BATCH_SIZE: 32
  - EVAL_BATCH_SIZE: 256
  - LR: 0.0001
  - FREEZE_BACKBONE: False
  - NUM_WORKERS: 6
  - OPTIMIZER: AdamW
  - WEIGHT_DECAY: 0.001
  - LOSS_FN: cross_entropy_loss
  - EXPERIMENT_NUM: 5
  - NUM_CLASSES: 9
  - Scheduler: NoneType
[2025-10-08 21:25:42] - [model_controller.py:100] - [INFO]: Setup training
[2025-10-08 21:36:01] - [model_controller.py:449] - [INFO]: Getting Experiment Path for baseline 3
