Welcome from `train_controller` Module.
[INFO] Initializing Baseline-1 Model...
[INFO] Preparing Baseline-1 Model...
[CONFIG] Model Configuration:
  - Device: cuda
  - Input features shape: (224, 224)
  - Number of classes: 8
  - Extract features mode: False
  - Backbone: ResNet-50 (pretrained)

[INFO] Initializing Annotation Loader Object...
[INFO] Loading Data from pickle file: data/volleyball/volleyball_dataset.pkl
[INFO] Initializing Baseline 1 Custom Dataset (mode=ModelMode.TRAIN)...
[INFO] Loading Image Paths and Labels...
[CONFIG] Dataset Configuration:
  - Mode: ModelMode.TRAIN
  - Image shape: (224, 224)
  - Num right frames: 5
  - Num left frames: 4
  - Dataset size (after init): 21520
[INFO] Initializing Baseline 1 Custom Dataset (mode=ModelMode.TEST)...
[INFO] Loading Image Paths and Labels...
[CONFIG] Dataset Configuration:
  - Mode: ModelMode.TEST
  - Image shape: (224, 224)
  - Num right frames: 5
  - Num left frames: 4
  - Dataset size (after init): 13410
[INFO] Epoch 1/10
	[BATCH 0/337] Loss: 2.0622 | Acc: 19.49%
	[BATCH 100/337] Loss: 0.6328 | Acc: 42.23%
	[BATCH 200/337] Loss: 0.4462 | Acc: 61.26%
	[BATCH 300/337] Loss: 0.1174 | Acc: 70.94%
Epoch: 0 | Train loss: 0.7174 | Train acc: 73.34% | Eval loss: 2.0423 | Eval acc: 52.74%
Checkpoint saved for epoch 2

[INFO] Epoch 2/10
	[BATCH 0/337] Loss: 0.3073 | Acc: 89.07%
	[BATCH 100/337] Loss: 0.0616 | Acc: 96.32%
	[BATCH 200/337] Loss: 0.0226 | Acc: 97.03%
	[BATCH 300/337] Loss: 0.2734 | Acc: 97.19%
Epoch: 1 | Train loss: 0.0954 | Train acc: 97.26% | Eval loss: 2.2711 | Eval acc: 73.37%
Checkpoint saved for epoch 3

[INFO] Epoch 3/10
	[BATCH 0/337] Loss: 0.3197 | Acc: 83.24%
	[BATCH 100/337] Loss: 0.0024 | Acc: 98.91%
	[BATCH 200/337] Loss: 0.0022 | Acc: 99.04%
	[BATCH 300/337] Loss: 0.0109 | Acc: 99.14%
Epoch: 2 | Train loss: 0.0317 | Train acc: 99.17% | Eval loss: 1.4864 | Eval acc: 73.55%
Checkpoint saved for epoch 4

[INFO] Epoch 4/10
	[BATCH 0/337] Loss: 0.0032 | Acc: 100.00%
	[BATCH 100/337] Loss: 0.0417 | Acc: 99.50%
	[BATCH 200/337] Loss: 0.0023 | Acc: 99.59%
	[BATCH 300/337] Loss: 0.0083 | Acc: 99.58%
Epoch: 3 | Train loss: 0.0179 | Train acc: 99.55% | Eval loss: 1.4093 | Eval acc: 72.78%
Checkpoint saved for epoch 5

[INFO] Epoch 5/10
	[BATCH 0/337] Loss: 0.0048 | Acc: 100.00%
	[BATCH 100/337] Loss: 0.0062 | Acc: 99.66%
	[BATCH 200/337] Loss: 0.0073 | Acc: 99.71%
	[BATCH 300/337] Loss: 0.0003 | Acc: 99.72%
Epoch: 4 | Train loss: 0.0103 | Train acc: 99.73% | Eval loss: 1.6044 | Eval acc: 74.23%
Checkpoint saved for epoch 6

[INFO] Epoch 6/10
	[BATCH 0/337] Loss: 0.0116 | Acc: 100.00%
	[BATCH 100/337] Loss: 0.0022 | Acc: 99.94%
	[BATCH 200/337] Loss: 0.0167 | Acc: 99.85%
	[BATCH 300/337] Loss: 0.0017 | Acc: 99.85%
Epoch: 5 | Train loss: 0.0072 | Train acc: 99.82% | Eval loss: 1.5634 | Eval acc: 72.73%
Checkpoint saved for epoch 7

[INFO] Epoch 7/10
	[BATCH 0/337] Loss: 0.0006 | Acc: 100.00%
	[BATCH 100/337] Loss: 0.0040 | Acc: 99.64%
	[BATCH 200/337] Loss: 0.0259 | Acc: 99.68%
	[BATCH 300/337] Loss: 0.0075 | Acc: 99.73%
Epoch: 6 | Train loss: 0.0098 | Train acc: 99.72% | Eval loss: 1.5923 | Eval acc: 74.62%
Checkpoint saved for epoch 8

[INFO] Epoch 8/10
	[BATCH 0/337] Loss: 0.0006 | Acc: 100.00%
	[BATCH 100/337] Loss: 0.0004 | Acc: 99.80%
	[BATCH 200/337] Loss: 0.0020 | Acc: 99.79%
	[BATCH 300/337] Loss: 0.0035 | Acc: 99.80%
Epoch: 7 | Train loss: 0.0080 | Train acc: 99.81% | Eval loss: 1.6103 | Eval acc: 74.70%
Checkpoint saved for epoch 9

[INFO] Epoch 9/10
	[BATCH 0/337] Loss: 0.0007 | Acc: 100.00%
	[BATCH 100/337] Loss: 0.0006 | Acc: 99.86%
	[BATCH 200/337] Loss: 0.0155 | Acc: 99.84%
	[BATCH 300/337] Loss: 0.0037 | Acc: 99.85%
Epoch: 8 | Train loss: 0.0040 | Train acc: 99.86% | Eval loss: 1.7171 | Eval acc: 75.58%
Checkpoint saved for epoch 10

[INFO] Epoch 10/10
	[BATCH 0/337] Loss: 0.0022 | Acc: 100.00%
	[BATCH 100/337] Loss: 0.0161 | Acc: 99.93%
	[BATCH 200/337] Loss: 0.0001 | Acc: 99.94%
	[BATCH 300/337] Loss: 0.0001 | Acc: 99.94%
Epoch: 9 | Train loss: 0.0020 | Train acc: 99.93% | Eval loss: 1.7860 | Eval acc: 75.11%
Checkpoint saved for epoch 11

Total Train time on cuda: 7095.822 seconds
