[2025-10-08 22:07:54] - [config_utils.py:126] - [INFO]: Loading App Settings
[2025-10-08 22:07:54] - [config_utils.py:126] - [INFO]: Loading App Settings
[2025-10-08 22:07:57] - [config_utils.py:126] - [INFO]: Loading App Settings
[2025-10-08 22:07:57] - [config_utils.py:126] - [INFO]: Loading App Settings
[2025-10-08 22:07:57] - [config_utils.py:126] - [INFO]: Loading App Settings
[2025-10-08 22:07:57] - [config_utils.py:126] - [INFO]: Loading App Settings
[2025-10-08 22:07:57] - [config_utils.py:126] - [INFO]: Loading App Settings
[2025-10-08 22:07:57] - [base_controller.py:48] - [INFO]: Initializing BaseController Module...
[2025-10-08 22:07:57] - [base_controller.py:63] - [INFO]: Setting all seeds (seed_value=31)...
[2025-10-08 22:07:57] - [model_controller.py:57] - [INFO]: Initializing ModelController Module...
[2025-10-08 22:07:57] - [model_controller.py:418] - [INFO]: Loading Model Config for baseline 3
[2025-10-08 22:07:57] - [model_controller.py:259] - [INFO]: Loading model for baseline 3
[2025-10-08 22:07:59] - [annot_loading.py:46] - [INFO]: Initializing Annotation Loader Object...
[2025-10-08 22:07:59] - [annot_loading.py:313] - [INFO]: Loading Data from pickle file: data/volleyball/volleyball_dataset.pkl
[2025-10-08 22:08:05] - [model_controller.py:298] - [INFO]: Loading dataset_class for baseline 3
[2025-10-08 22:08:05] - [model_controller.py:335] - [INFO]: Loading optimizer: AdamW
[2025-10-08 22:08:05] - [model_controller.py:365] - [INFO]: Loading Loss Function: cross_entropy_loss
[2025-10-08 22:08:05] - [model_controller.py:88] - [INFO]: Baseline-3 Configuration:
  - FEATURES_SHAPE_0: 224
  - FEATURES_SHAPE_1: 224
  - RIGHT_FRAMES: 5
  - LEFT_FRAMES: 4
  - TRAIN_EPOCHS: 10
  - TRAIN_BATCH_SIZE: 128
  - EVAL_BATCH_SIZE: 256
  - LR: 0.0001
  - FREEZE_BACKBONE: False
  - NUM_WORKERS: 20
  - OPTIMIZER: AdamW
  - WEIGHT_DECAY: 0.001
  - LOSS_FN: cross_entropy_loss
  - EXPERIMENT_NUM: 6
  - NUM_CLASSES: 9
  - Scheduler: NoneType
[2025-10-08 22:08:05] - [model_controller.py:100] - [INFO]: Setup training
[2025-10-08 22:08:05] - [baseline3.py:93] - [INFO]: Initializing Baseline 3 Custom Dataset (mode=ModelMode.TRAIN)...
[2025-10-08 22:08:05] - [baseline3.py:173] - [INFO]: Loading Image Paths and Labels...
[2025-10-08 22:08:05] - [baseline3.py:139] - [INFO]: Dataset Configuration:
  - Mode: ModelMode.TRAIN
  - Image shape: (224, 224)
  - Num right frames: 5
  - Num left frames: 4
  - Dataset size (after init): 257030
  - Transforms:
    * ToPILImage()
    * Resize(size=(224, 224), interpolation=bilinear, max_size=None, antialias=True)
    * RandomChoice(
    ColorJitter(brightness=(0.8, 1.2), contrast=(0.8, 1.2), saturation=(0.8, 1.2), hue=(-0.05, 0.05))
    RandomGrayscale(p=1.0)
    GaussianBlur(kernel_size=(3, 3), sigma=(0.1, 2.0))
    RandomHorizontalFlip(p=0.3)
)(p=None)
    * ToTensor()
    * Normalize(mean=[0.485, 0.456, 0.406], std=[0.229, 0.224, 0.225])
[2025-10-08 22:08:05] - [baseline3.py:93] - [INFO]: Initializing Baseline 3 Custom Dataset (mode=ModelMode.VALIDATION)...
[2025-10-08 22:08:05] - [baseline3.py:173] - [INFO]: Loading Image Paths and Labels...
[2025-10-08 22:08:05] - [baseline3.py:139] - [INFO]: Dataset Configuration:
  - Mode: ModelMode.VALIDATION
  - Image shape: (224, 224)
  - Num right frames: 5
  - Num left frames: 4
  - Dataset size (after init): 159810
  - Transforms:
    * ToPILImage()
    * Resize(size=(224, 224), interpolation=bilinear, max_size=None, antialias=True)
    * ToTensor()
    * Normalize(mean=[0.485, 0.456, 0.406], std=[0.229, 0.224, 0.225])
[2025-10-08 22:08:05] - [model_utils.py:230] - [INFO]: Training Started and in Progress...
[2025-10-08 22:08:05] - [model_utils.py:260] - [INFO]: Epoch 1/10
[2025-10-08 22:08:26] - [model_utils.py:103] - [INFO]: 	[BATCH 0/2009] Loss: 2.1911 | Acc: 16.17%
[2025-10-08 22:09:42] - [model_utils.py:103] - [INFO]: 	[BATCH 100/2009] Loss: 0.9759 | Acc: 16.31%
[2025-10-08 22:10:41] - [model_utils.py:103] - [INFO]: 	[BATCH 200/2009] Loss: 0.6736 | Acc: 46.57%
[2025-10-08 22:11:31] - [model_utils.py:103] - [INFO]: 	[BATCH 300/2009] Loss: 0.7027 | Acc: 46.38%
[2025-10-08 22:12:16] - [model_utils.py:103] - [INFO]: 	[BATCH 400/2009] Loss: 0.6745 | Acc: 54.80%
[2025-10-08 22:12:55] - [model_utils.py:103] - [INFO]: 	[BATCH 500/2009] Loss: 0.5755 | Acc: 60.17%
[2025-10-08 22:13:32] - [model_utils.py:103] - [INFO]: 	[BATCH 600/2009] Loss: 0.5639 | Acc: 66.63%
[2025-10-08 22:14:08] - [model_utils.py:103] - [INFO]: 	[BATCH 700/2009] Loss: 0.5182 | Acc: 50.99%
[2025-10-08 22:14:39] - [model_utils.py:103] - [INFO]: 	[BATCH 800/2009] Loss: 0.5109 | Acc: 69.50%
[2025-10-08 22:15:10] - [model_utils.py:103] - [INFO]: 	[BATCH 900/2009] Loss: 0.6382 | Acc: 63.81%
[2025-10-08 22:15:40] - [model_utils.py:103] - [INFO]: 	[BATCH 1000/2009] Loss: 0.6518 | Acc: 54.84%
[2025-10-08 22:16:06] - [model_utils.py:103] - [INFO]: 	[BATCH 1100/2009] Loss: 0.5558 | Acc: 62.55%
[2025-10-08 22:16:31] - [model_utils.py:103] - [INFO]: 	[BATCH 1200/2009] Loss: 0.4395 | Acc: 67.31%
[2025-10-08 22:16:56] - [model_utils.py:103] - [INFO]: 	[BATCH 1300/2009] Loss: 0.5915 | Acc: 54.89%
[2025-10-08 22:17:20] - [model_utils.py:103] - [INFO]: 	[BATCH 1400/2009] Loss: 0.4150 | Acc: 74.55%
[2025-10-08 22:17:44] - [model_utils.py:103] - [INFO]: 	[BATCH 1500/2009] Loss: 0.4342 | Acc: 74.23%
[2025-10-08 22:18:07] - [model_utils.py:103] - [INFO]: 	[BATCH 1600/2009] Loss: 0.4621 | Acc: 67.41%
[2025-10-08 22:18:28] - [model_utils.py:103] - [INFO]: 	[BATCH 1700/2009] Loss: 0.5063 | Acc: 60.79%
[2025-10-08 22:18:48] - [model_utils.py:103] - [INFO]: 	[BATCH 1800/2009] Loss: 0.3135 | Acc: 67.13%
[2025-10-08 22:19:08] - [model_utils.py:103] - [INFO]: 	[BATCH 1900/2009] Loss: 0.3954 | Acc: 63.60%
[2025-10-08 22:19:25] - [model_utils.py:103] - [INFO]: 	[BATCH 2000/2009] Loss: 0.4516 | Acc: 60.45%
[2025-10-08 22:22:24] - [model_utils.py:295] - [INFO]: Epoch: 1 | Train loss: 0.5785 | Train acc: 54.30% | Eval loss: 0.6949 | Eval acc: 54.45%
[2025-10-08 22:22:25] - [model_utils.py:410] - [INFO]: Checkpoint B3Model1_epoch_1 saved in models/B3Model1/6/checkpoints/epochs
[2025-10-08 22:22:25] - [model_utils.py:410] - [INFO]: Checkpoint B3Model1_best_loss saved in models/B3Model1/6/checkpoints/best
[2025-10-08 22:22:25] - [model_utils.py:410] - [INFO]: Checkpoint B3Model1_best_acc saved in models/B3Model1/6/checkpoints/best
[2025-10-08 22:22:25] - [model_utils.py:260] - [INFO]: Epoch 2/10
[2025-10-08 22:22:29] - [model_utils.py:103] - [INFO]: 	[BATCH 0/2009] Loss: 0.3488 | Acc: 63.53%
[2025-10-08 22:22:41] - [model_utils.py:103] - [INFO]: 	[BATCH 100/2009] Loss: 0.2576 | Acc: 82.86%
[2025-10-08 22:22:53] - [model_utils.py:103] - [INFO]: 	[BATCH 200/2009] Loss: 0.4116 | Acc: 59.32%
[2025-10-08 22:23:04] - [model_utils.py:103] - [INFO]: 	[BATCH 300/2009] Loss: 0.3845 | Acc: 72.54%
[2025-10-08 22:23:15] - [model_utils.py:103] - [INFO]: 	[BATCH 400/2009] Loss: 0.3671 | Acc: 76.61%
[2025-10-08 22:23:26] - [model_utils.py:103] - [INFO]: 	[BATCH 500/2009] Loss: 0.3598 | Acc: 83.98%
[2025-10-08 22:23:37] - [model_utils.py:103] - [INFO]: 	[BATCH 600/2009] Loss: 0.2895 | Acc: 86.46%
[2025-10-08 22:23:47] - [model_utils.py:103] - [INFO]: 	[BATCH 700/2009] Loss: 0.3492 | Acc: 73.54%
[2025-10-08 22:23:57] - [model_utils.py:103] - [INFO]: 	[BATCH 800/2009] Loss: 0.3704 | Acc: 77.94%
[2025-10-08 22:24:08] - [model_utils.py:103] - [INFO]: 	[BATCH 900/2009] Loss: 0.2293 | Acc: 81.77%
[2025-10-08 22:24:19] - [model_utils.py:103] - [INFO]: 	[BATCH 1000/2009] Loss: 0.3453 | Acc: 77.96%
[2025-10-08 22:24:30] - [model_utils.py:103] - [INFO]: 	[BATCH 1100/2009] Loss: 0.3770 | Acc: 74.48%
[2025-10-08 22:24:41] - [model_utils.py:103] - [INFO]: 	[BATCH 1200/2009] Loss: 0.3198 | Acc: 69.83%
[2025-10-08 22:24:53] - [model_utils.py:103] - [INFO]: 	[BATCH 1300/2009] Loss: 0.1881 | Acc: 90.59%
[2025-10-08 22:25:04] - [model_utils.py:103] - [INFO]: 	[BATCH 1400/2009] Loss: 0.3720 | Acc: 84.55%
[2025-10-08 22:25:14] - [model_utils.py:103] - [INFO]: 	[BATCH 1500/2009] Loss: 0.2891 | Acc: 70.84%
[2025-10-08 22:25:25] - [model_utils.py:103] - [INFO]: 	[BATCH 1600/2009] Loss: 0.2869 | Acc: 87.76%
[2025-10-08 22:25:36] - [model_utils.py:103] - [INFO]: 	[BATCH 1700/2009] Loss: 0.3371 | Acc: 59.01%
[2025-10-08 22:25:47] - [model_utils.py:103] - [INFO]: 	[BATCH 1800/2009] Loss: 0.2428 | Acc: 88.29%
[2025-10-08 22:25:57] - [model_utils.py:103] - [INFO]: 	[BATCH 1900/2009] Loss: 0.3304 | Acc: 72.29%
[2025-10-08 22:26:08] - [model_utils.py:103] - [INFO]: 	[BATCH 2000/2009] Loss: 0.2252 | Acc: 85.50%
[2025-10-08 22:27:45] - [model_utils.py:295] - [INFO]: Epoch: 2 | Train loss: 0.3102 | Train acc: 74.19% | Eval loss: 0.8216 | Eval acc: 53.48%
[2025-10-08 22:27:45] - [model_utils.py:260] - [INFO]: Epoch 3/10
[2025-10-08 22:27:48] - [model_utils.py:103] - [INFO]: 	[BATCH 0/2009] Loss: 0.1841 | Acc: 80.56%
[2025-10-08 22:27:59] - [model_utils.py:103] - [INFO]: 	[BATCH 100/2009] Loss: 0.1676 | Acc: 79.53%
[2025-10-08 22:28:09] - [model_utils.py:103] - [INFO]: 	[BATCH 200/2009] Loss: 0.1589 | Acc: 91.73%
[2025-10-08 22:28:20] - [model_utils.py:103] - [INFO]: 	[BATCH 300/2009] Loss: 0.1981 | Acc: 80.21%
[2025-10-08 22:28:30] - [model_utils.py:103] - [INFO]: 	[BATCH 400/2009] Loss: 0.1699 | Acc: 92.56%
[2025-10-08 22:28:41] - [model_utils.py:103] - [INFO]: 	[BATCH 500/2009] Loss: 0.1654 | Acc: 91.60%
[2025-10-08 22:28:52] - [model_utils.py:103] - [INFO]: 	[BATCH 600/2009] Loss: 0.1493 | Acc: 82.22%
[2025-10-08 22:29:03] - [model_utils.py:103] - [INFO]: 	[BATCH 700/2009] Loss: 0.2277 | Acc: 83.87%
[2025-10-08 22:29:13] - [model_utils.py:103] - [INFO]: 	[BATCH 800/2009] Loss: 0.2237 | Acc: 71.61%
[2025-10-08 22:29:23] - [model_utils.py:103] - [INFO]: 	[BATCH 900/2009] Loss: 0.1107 | Acc: 94.58%
[2025-10-08 22:29:34] - [model_utils.py:103] - [INFO]: 	[BATCH 1000/2009] Loss: 0.1712 | Acc: 93.81%
[2025-10-08 22:29:45] - [model_utils.py:103] - [INFO]: 	[BATCH 1100/2009] Loss: 0.1231 | Acc: 89.15%
[2025-10-08 22:29:55] - [model_utils.py:103] - [INFO]: 	[BATCH 1200/2009] Loss: 0.1707 | Acc: 77.49%
[2025-10-08 22:30:06] - [model_utils.py:103] - [INFO]: 	[BATCH 1300/2009] Loss: 0.1171 | Acc: 81.52%
[2025-10-08 22:30:16] - [model_utils.py:103] - [INFO]: 	[BATCH 1400/2009] Loss: 0.1462 | Acc: 88.70%
[2025-10-08 22:30:27] - [model_utils.py:103] - [INFO]: 	[BATCH 1500/2009] Loss: 0.2205 | Acc: 77.99%
[2025-10-08 22:30:38] - [model_utils.py:103] - [INFO]: 	[BATCH 1600/2009] Loss: 0.1385 | Acc: 94.46%
[2025-10-08 22:30:48] - [model_utils.py:103] - [INFO]: 	[BATCH 1700/2009] Loss: 0.2109 | Acc: 81.34%
[2025-10-08 22:30:58] - [model_utils.py:103] - [INFO]: 	[BATCH 1800/2009] Loss: 0.2438 | Acc: 79.65%
[2025-10-08 22:31:09] - [model_utils.py:103] - [INFO]: 	[BATCH 1900/2009] Loss: 0.1712 | Acc: 79.18%
[2025-10-08 22:31:19] - [model_utils.py:103] - [INFO]: 	[BATCH 2000/2009] Loss: 0.1538 | Acc: 80.49%
[2025-10-08 22:32:57] - [model_utils.py:295] - [INFO]: Epoch: 3 | Train loss: 0.1762 | Train acc: 85.42% | Eval loss: 0.9206 | Eval acc: 53.64%
[2025-10-08 22:32:57] - [model_utils.py:410] - [INFO]: Checkpoint B3Model1_epoch_3 saved in models/B3Model1/6/checkpoints/epochs
[2025-10-08 22:32:57] - [model_utils.py:260] - [INFO]: Epoch 4/10
[2025-10-08 22:33:00] - [model_utils.py:103] - [INFO]: 	[BATCH 0/2009] Loss: 0.1119 | Acc: 97.60%
[2025-10-08 22:33:10] - [model_utils.py:103] - [INFO]: 	[BATCH 100/2009] Loss: 0.1538 | Acc: 82.30%
