[2025-09-29 14:43:56] - [config_utils.py:108] - [INFO]: Loading App Settings
[2025-09-29 14:43:56] - [config_utils.py:108] - [INFO]: Loading App Settings
[2025-09-29 14:43:59] - [config_utils.py:108] - [INFO]: Loading App Settings
[2025-09-29 14:43:59] - [config_utils.py:108] - [INFO]: Loading App Settings
[2025-09-29 14:43:59] - [config_utils.py:108] - [INFO]: Loading App Settings
[2025-09-29 14:43:59] - [main.py:38] - [INFO]: START: Application is started
[2025-09-29 14:44:06] - [config_utils.py:108] - [INFO]: Loading App Settings
[2025-09-29 14:44:06] - [base_controller.py:23] - [INFO]: Initializing BaseController Module...
[2025-09-29 14:44:06] - [base_controller.py:30] - [INFO]: Setting all seeds...
[2025-09-29 14:44:06] - [config_utils.py:108] - [INFO]: Loading App Settings
[2025-09-29 14:44:06] - [base_controller.py:23] - [INFO]: Initializing BaseController Module...
[2025-09-29 14:44:06] - [base_controller.py:30] - [INFO]: Setting all seeds...
[2025-09-29 14:44:06] - [data.py:40] - [INFO]: File Upload in progress...
[2025-09-29 14:44:20] - [main.py:40] - [INFO]: END: Application is ended
[2025-09-29 14:46:12] - [config_utils.py:108] - [INFO]: Loading App Settings
[2025-09-29 14:46:12] - [config_utils.py:108] - [INFO]: Loading App Settings
[2025-09-29 14:46:14] - [config_utils.py:108] - [INFO]: Loading App Settings
[2025-09-29 14:46:14] - [config_utils.py:108] - [INFO]: Loading App Settings
[2025-09-29 14:46:14] - [config_utils.py:108] - [INFO]: Loading App Settings
[2025-09-29 14:46:14] - [main.py:38] - [INFO]: START: Application is started
[2025-09-29 14:46:18] - [config_utils.py:108] - [INFO]: Loading App Settings
[2025-09-29 14:46:18] - [base_controller.py:23] - [INFO]: Initializing BaseController Module...
[2025-09-29 14:46:18] - [base_controller.py:30] - [INFO]: Setting all seeds...
[2025-09-29 14:46:18] - [config_utils.py:108] - [INFO]: Loading App Settings
[2025-09-29 14:46:18] - [base_controller.py:23] - [INFO]: Initializing BaseController Module...
[2025-09-29 14:46:18] - [base_controller.py:30] - [INFO]: Setting all seeds...
[2025-09-29 14:46:18] - [data.py:40] - [INFO]: File Upload in progress...
[2025-09-29 14:46:28] - [main.py:40] - [INFO]: END: Application is ended
