[2025-09-28 22:30:38] - [model_controller.py:25] - [INFO]: Initializing ModelController Module...
[2025-09-28 22:30:38] - [model_controller.py:298] - [INFO]: Loading Model Config for baseline 1
[2025-09-28 22:30:38] - [model_controller.py:179] - [INFO]: Loading model for baseline 1
[2025-09-28 22:35:47] - [model_controller.py:25] - [INFO]: Initializing ModelController Module...
[2025-09-28 22:35:47] - [model_controller.py:298] - [INFO]: Loading Model Config for baseline 1
[2025-09-28 22:35:47] - [model_controller.py:179] - [INFO]: Loading model for baseline 1
[2025-09-28 22:36:45] - [model_controller.py:25] - [INFO]: Initializing ModelController Module...
[2025-09-28 22:36:45] - [model_controller.py:300] - [INFO]: Loading Model Config for baseline 1
[2025-09-28 22:36:45] - [model_controller.py:181] - [INFO]: Loading model for baseline 1
[2025-09-28 22:36:46] - [model_controller.py:55] - [INFO]: Baseline-1 Configuration:
  - FEATURES_SHAPE_0: 224
  - FEATURES_SHAPE_1: 224
  - LEFT_FRAMES: 5
  - RIGHT_FRAMES: 4
  - TRAIN_EPOCHS: 10
  - TRAIN_BATCH_SIZE: 32
  - EVAL_BATCH_SIZE: 256
  - LR: 0.0001
  - FREEZE_BACKBONE: False
  - NUM_WORKERS: 6
  - OPTIMIZER: AdamW
  - WEIGHT_DECAY: 0.001
  - LOSS_FN: cross_entropy_loss
  - EXPERIMENT_NUM: 1
[2025-09-28 22:36:49] - [model_controller.py:25] - [INFO]: Initializing ModelController Module...
[2025-09-28 22:36:49] - [model_controller.py:300] - [INFO]: Loading Model Config for baseline 1
[2025-09-28 22:36:49] - [model_controller.py:181] - [INFO]: Loading model for baseline 1
[2025-09-28 22:36:50] - [model_controller.py:55] - [INFO]: Baseline-1 Configuration:
  - FEATURES_SHAPE_0: 224
  - FEATURES_SHAPE_1: 224
  - LEFT_FRAMES: 5
  - RIGHT_FRAMES: 4
  - TRAIN_EPOCHS: 10
  - TRAIN_BATCH_SIZE: 32
  - EVAL_BATCH_SIZE: 256
  - LR: 0.0001
  - FREEZE_BACKBONE: False
  - NUM_WORKERS: 6
  - OPTIMIZER: AdamW
  - WEIGHT_DECAY: 0.001
  - LOSS_FN: cross_entropy_loss
  - EXPERIMENT_NUM: 1
[2025-09-28 22:37:40] - [model_controller.py:25] - [INFO]: Initializing ModelController Module...
[2025-09-28 22:37:40] - [model_controller.py:300] - [INFO]: Loading Model Config for baseline 1
[2025-09-28 22:37:40] - [model_controller.py:181] - [INFO]: Loading model for baseline 1
[2025-09-28 22:37:41] - [model_controller.py:55] - [INFO]: Baseline-1 Configuration:
  - FEATURES_SHAPE_0: 224
  - FEATURES_SHAPE_1: 224
  - LEFT_FRAMES: 5
  - RIGHT_FRAMES: 4
  - TRAIN_EPOCHS: 10
  - TRAIN_BATCH_SIZE: 32
  - EVAL_BATCH_SIZE: 256
  - LR: 0.0001
  - FREEZE_BACKBONE: False
  - NUM_WORKERS: 6
  - OPTIMIZER: AdamW
  - WEIGHT_DECAY: 0.001
  - LOSS_FN: cross_entropy_loss
  - EXPERIMENT_NUM: 1
[2025-09-28 22:37:41] - [model_controller.py:153] - [INFO]: Running inference on input with shape (1, 3, 224, 224)
