[2025-10-06 14:45:55] - [config_utils.py:126] - [INFO]: Loading App Settings
[2025-10-06 14:45:55] - [config_utils.py:126] - [INFO]: Loading App Settings
[2025-10-06 14:46:00] - [config_utils.py:126] - [INFO]: Loading App Settings
[2025-10-06 14:46:02] - [config_utils.py:126] - [INFO]: Loading App Settings
[2025-10-06 14:46:02] - [config_utils.py:126] - [INFO]: Loading App Settings
[2025-10-06 14:46:02] - [config_utils.py:126] - [INFO]: Loading App Settings
[2025-10-06 14:46:02] - [config_utils.py:126] - [INFO]: Loading App Settings
[2025-10-06 14:46:02] - [base_controller.py:48] - [INFO]: Initializing BaseController Module...
[2025-10-06 14:46:02] - [base_controller.py:63] - [INFO]: Setting all seeds...
[2025-10-06 14:46:02] - [model_controller.py:57] - [INFO]: Initializing ModelController Module...
[2025-10-06 14:46:02] - [model_controller.py:418] - [INFO]: Loading Model Config for baseline 3
[2025-10-06 14:46:02] - [model_controller.py:256] - [INFO]: Loading model for baseline 3
[2025-10-06 14:46:04] - [annot_loading.py:46] - [INFO]: Initializing Annotation Loader Object...
[2025-10-06 14:46:04] - [annot_loading.py:313] - [INFO]: Loading Data from pickle file: data/volleyball/volleyball_dataset.pkl
[2025-10-06 14:46:14] - [model_controller.py:295] - [INFO]: Loading dataset_class for baseline 3
[2025-10-06 14:46:14] - [model_controller.py:332] - [INFO]: Loading optimizer: AdamW
[2025-10-06 14:46:14] - [model_controller.py:389] - [INFO]: Loading Scheduler: ReduceLROnPlateau
[2025-10-06 14:46:14] - [model_controller.py:362] - [INFO]: Loading Loss Function: cross_entropy_loss
[2025-10-06 14:46:14] - [model_controller.py:87] - [INFO]: Baseline-3 Configuration:
  - FEATURES_SHAPE_0: 256
  - FEATURES_SHAPE_1: 256
  - RIGHT_FRAMES: 5
  - LEFT_FRAMES: 4
  - TRAIN_EPOCHS: 5
  - TRAIN_BATCH_SIZE: 128
  - EVAL_BATCH_SIZE: 256
  - LR: 0.0001
  - FREEZE_BACKBONE: False
  - NUM_WORKERS: 6
  - OPTIMIZER: AdamW
  - WEIGHT_DECAY: 0.001
  - LOSS_FN: cross_entropy_loss
  - EXPERIMENT_NUM: 3
  - NUM_CLASSES: 9
  - Scheduler: ReduceLROnPlateau
[2025-10-06 14:46:14] - [model_controller.py:99] - [INFO]: Setup training
[2025-10-06 14:46:14] - [baseline3.py:93] - [INFO]: Initializing Baseline 2 Custom Dataset (mode=ModelMode.TRAIN)...
[2025-10-06 14:46:14] - [baseline3.py:173] - [INFO]: Loading Image Paths and Labels...
[2025-10-06 14:46:14] - [baseline3.py:139] - [INFO]: Dataset Configuration:
  - Mode: ModelMode.TRAIN
  - Image shape: (256, 256)
  - Num right frames: 5
  - Num left frames: 4
  - Dataset size (after init): 257030
  - Transforms:
    * ToPILImage()
    * Resize(size=(256, 256), interpolation=bilinear, max_size=None, antialias=True)
    * RandomChoice(
    ColorJitter(brightness=(0.8, 1.2), contrast=(0.8, 1.2), saturation=(0.8, 1.2), hue=(-0.05, 0.05))
    RandomGrayscale(p=1.0)
    GaussianBlur(kernel_size=(3, 3), sigma=(0.1, 2.0))
    RandomHorizontalFlip(p=0.3)
)(p=None)
    * ToTensor()
    * Normalize(mean=[0.485, 0.456, 0.406], std=[0.229, 0.224, 0.225])
[2025-10-06 14:46:14] - [baseline3.py:93] - [INFO]: Initializing Baseline 2 Custom Dataset (mode=ModelMode.VALIDATION)...
[2025-10-06 14:46:14] - [baseline3.py:173] - [INFO]: Loading Image Paths and Labels...
[2025-10-06 14:46:15] - [baseline3.py:139] - [INFO]: Dataset Configuration:
  - Mode: ModelMode.VALIDATION
  - Image shape: (256, 256)
  - Num right frames: 5
  - Num left frames: 4
  - Dataset size (after init): 159810
  - Transforms:
    * ToPILImage()
    * Resize(size=(256, 256), interpolation=bilinear, max_size=None, antialias=True)
    * ToTensor()
    * Normalize(mean=[0.485, 0.456, 0.406], std=[0.229, 0.224, 0.225])
[2025-10-06 14:46:15] - [model_utils.py:230] - [INFO]: Training Started and in Progress...
[2025-10-06 14:46:15] - [model_utils.py:260] - [INFO]: Epoch 1/5
[2025-10-06 14:46:32] - [model_utils.py:103] - [INFO]: 	[BATCH 0/2009] Loss: 2.1851 | Acc: 16.73%
[2025-10-06 14:49:34] - [model_utils.py:103] - [INFO]: 	[BATCH 100/2009] Loss: 0.9372 | Acc: 18.02%
[2025-10-06 14:52:15] - [model_utils.py:103] - [INFO]: 	[BATCH 200/2009] Loss: 0.7187 | Acc: 34.12%
[2025-10-06 14:54:14] - [model_utils.py:103] - [INFO]: 	[BATCH 300/2009] Loss: 0.7326 | Acc: 42.92%
[2025-10-06 14:56:03] - [model_utils.py:103] - [INFO]: 	[BATCH 400/2009] Loss: 0.6573 | Acc: 59.93%
[2025-10-06 14:57:36] - [model_utils.py:103] - [INFO]: 	[BATCH 500/2009] Loss: 0.5535 | Acc: 62.13%
[2025-10-06 14:59:01] - [model_utils.py:103] - [INFO]: 	[BATCH 600/2009] Loss: 0.5899 | Acc: 57.12%
[2025-10-06 15:00:26] - [model_utils.py:103] - [INFO]: 	[BATCH 700/2009] Loss: 0.5522 | Acc: 60.44%
[2025-10-06 15:01:51] - [model_utils.py:103] - [INFO]: 	[BATCH 800/2009] Loss: 0.5238 | Acc: 70.24%
[2025-10-06 15:03:16] - [model_utils.py:103] - [INFO]: 	[BATCH 900/2009] Loss: 0.6166 | Acc: 49.08%
[2025-10-06 15:04:41] - [model_utils.py:103] - [INFO]: 	[BATCH 1000/2009] Loss: 0.6215 | Acc: 48.68%
[2025-10-06 15:06:06] - [model_utils.py:103] - [INFO]: 	[BATCH 1100/2009] Loss: 0.5114 | Acc: 65.84%
[2025-10-06 15:07:32] - [model_utils.py:103] - [INFO]: 	[BATCH 1200/2009] Loss: 0.4661 | Acc: 64.39%
[2025-10-06 15:08:57] - [model_utils.py:103] - [INFO]: 	[BATCH 1300/2009] Loss: 0.6699 | Acc: 55.78%
[2025-10-06 15:10:22] - [model_utils.py:103] - [INFO]: 	[BATCH 1400/2009] Loss: 0.4289 | Acc: 70.71%
[2025-10-06 15:11:47] - [model_utils.py:103] - [INFO]: 	[BATCH 1500/2009] Loss: 0.4889 | Acc: 80.77%
[2025-10-06 15:13:12] - [model_utils.py:103] - [INFO]: 	[BATCH 1600/2009] Loss: 0.5081 | Acc: 62.53%
[2025-10-06 15:14:37] - [model_utils.py:103] - [INFO]: 	[BATCH 1700/2009] Loss: 0.4866 | Acc: 56.13%
[2025-10-06 15:16:02] - [model_utils.py:103] - [INFO]: 	[BATCH 1800/2009] Loss: 0.3256 | Acc: 64.51%
[2025-10-06 15:17:28] - [model_utils.py:103] - [INFO]: 	[BATCH 1900/2009] Loss: 0.3897 | Acc: 63.05%
[2025-10-06 15:18:53] - [model_utils.py:103] - [INFO]: 	[BATCH 2000/2009] Loss: 0.3759 | Acc: 57.11%
[2025-10-06 15:28:39] - [model_utils.py:294] - [INFO]: Epoch: 1 | Train loss: 0.5868 | Train acc: 53.52% | Eval loss: 0.6851 | Eval acc: 53.84%
[2025-10-06 15:28:40] - [model_utils.py:409] - [INFO]: Checkpoint B3Model1_epoch_1 saved in models/B3Model1/3/checkpoints/epochs
[2025-10-06 15:28:40] - [model_utils.py:409] - [INFO]: Checkpoint B3Model1_best_loss saved in models/B3Model1/3/checkpoints/best
[2025-10-06 15:28:41] - [model_utils.py:409] - [INFO]: Checkpoint B3Model1_best_acc saved in models/B3Model1/3/checkpoints/best
[2025-10-06 15:28:41] - [model_utils.py:260] - [INFO]: Epoch 2/5
[2025-10-06 15:28:46] - [model_utils.py:103] - [INFO]: 	[BATCH 0/2009] Loss: 0.3651 | Acc: 65.09%
[2025-10-06 15:30:12] - [model_utils.py:103] - [INFO]: 	[BATCH 100/2009] Loss: 0.2907 | Acc: 76.43%
[2025-10-06 15:31:37] - [model_utils.py:103] - [INFO]: 	[BATCH 200/2009] Loss: 0.5218 | Acc: 60.67%
[2025-10-06 15:33:03] - [model_utils.py:103] - [INFO]: 	[BATCH 300/2009] Loss: 0.3839 | Acc: 84.77%
[2025-10-06 15:34:29] - [model_utils.py:103] - [INFO]: 	[BATCH 400/2009] Loss: 0.3803 | Acc: 76.09%
[2025-10-06 15:35:54] - [model_utils.py:103] - [INFO]: 	[BATCH 500/2009] Loss: 0.3082 | Acc: 89.96%
[2025-10-06 15:37:19] - [model_utils.py:103] - [INFO]: 	[BATCH 600/2009] Loss: 0.2435 | Acc: 80.57%
[2025-10-06 15:38:44] - [model_utils.py:103] - [INFO]: 	[BATCH 700/2009] Loss: 0.3551 | Acc: 84.22%
[2025-10-06 15:40:10] - [model_utils.py:103] - [INFO]: 	[BATCH 800/2009] Loss: 0.3685 | Acc: 73.90%
[2025-10-06 15:41:35] - [model_utils.py:103] - [INFO]: 	[BATCH 900/2009] Loss: 0.3001 | Acc: 79.81%
[2025-10-06 15:43:01] - [model_utils.py:103] - [INFO]: 	[BATCH 1000/2009] Loss: 0.3684 | Acc: 78.35%
[2025-10-06 15:44:26] - [model_utils.py:103] - [INFO]: 	[BATCH 1100/2009] Loss: 0.3773 | Acc: 70.52%
[2025-10-06 15:45:51] - [model_utils.py:103] - [INFO]: 	[BATCH 1200/2009] Loss: 0.3127 | Acc: 66.22%
[2025-10-06 15:47:17] - [model_utils.py:103] - [INFO]: 	[BATCH 1300/2009] Loss: 0.2059 | Acc: 92.32%
[2025-10-06 15:48:42] - [model_utils.py:103] - [INFO]: 	[BATCH 1400/2009] Loss: 0.3331 | Acc: 83.08%
[2025-10-06 15:50:07] - [model_utils.py:103] - [INFO]: 	[BATCH 1500/2009] Loss: 0.3068 | Acc: 69.36%
[2025-10-06 15:51:33] - [model_utils.py:103] - [INFO]: 	[BATCH 1600/2009] Loss: 0.2790 | Acc: 75.49%
[2025-10-06 15:52:58] - [model_utils.py:103] - [INFO]: 	[BATCH 1700/2009] Loss: 0.3520 | Acc: 46.01%
[2025-10-06 15:54:24] - [model_utils.py:103] - [INFO]: 	[BATCH 1800/2009] Loss: 0.2251 | Acc: 89.94%
[2025-10-06 15:55:49] - [model_utils.py:103] - [INFO]: 	[BATCH 1900/2009] Loss: 0.3106 | Acc: 86.82%
[2025-10-06 15:57:14] - [model_utils.py:103] - [INFO]: 	[BATCH 2000/2009] Loss: 0.2314 | Acc: 87.80%
[2025-10-06 16:05:42] - [model_utils.py:294] - [INFO]: Epoch: 2 | Train loss: 0.3221 | Train acc: 73.19% | Eval loss: 0.8286 | Eval acc: 53.49%
[2025-10-06 16:05:42] - [model_utils.py:260] - [INFO]: Epoch 3/5
[2025-10-06 16:05:47] - [model_utils.py:103] - [INFO]: 	[BATCH 0/2009] Loss: 0.2131 | Acc: 93.69%
[2025-10-06 16:07:13] - [model_utils.py:103] - [INFO]: 	[BATCH 100/2009] Loss: 0.1827 | Acc: 76.86%
[2025-10-06 16:08:38] - [model_utils.py:103] - [INFO]: 	[BATCH 200/2009] Loss: 0.0990 | Acc: 78.21%
[2025-10-06 16:10:03] - [model_utils.py:103] - [INFO]: 	[BATCH 300/2009] Loss: 0.1758 | Acc: 76.49%
[2025-10-06 16:11:29] - [model_utils.py:103] - [INFO]: 	[BATCH 400/2009] Loss: 0.1644 | Acc: 90.91%
[2025-10-06 16:12:55] - [model_utils.py:103] - [INFO]: 	[BATCH 500/2009] Loss: 0.1216 | Acc: 96.53%
[2025-10-06 16:14:20] - [model_utils.py:103] - [INFO]: 	[BATCH 600/2009] Loss: 0.1847 | Acc: 81.23%
[2025-10-06 16:15:45] - [model_utils.py:103] - [INFO]: 	[BATCH 700/2009] Loss: 0.2717 | Acc: 79.90%
[2025-10-06 16:17:11] - [model_utils.py:103] - [INFO]: 	[BATCH 800/2009] Loss: 0.1979 | Acc: 80.76%
[2025-10-06 16:18:36] - [model_utils.py:103] - [INFO]: 	[BATCH 900/2009] Loss: 0.0568 | Acc: 96.88%
[2025-10-06 16:20:01] - [model_utils.py:103] - [INFO]: 	[BATCH 1000/2009] Loss: 0.2415 | Acc: 81.50%
[2025-10-06 16:21:27] - [model_utils.py:103] - [INFO]: 	[BATCH 1100/2009] Loss: 0.1123 | Acc: 96.74%
[2025-10-06 16:22:52] - [model_utils.py:103] - [INFO]: 	[BATCH 1200/2009] Loss: 0.1326 | Acc: 80.44%
[2025-10-06 16:24:17] - [model_utils.py:103] - [INFO]: 	[BATCH 1300/2009] Loss: 0.1551 | Acc: 88.31%
[2025-10-06 16:25:43] - [model_utils.py:103] - [INFO]: 	[BATCH 1400/2009] Loss: 0.1994 | Acc: 87.38%
[2025-10-06 16:27:08] - [model_utils.py:103] - [INFO]: 	[BATCH 1500/2009] Loss: 0.3029 | Acc: 74.87%
[2025-10-06 16:28:33] - [model_utils.py:103] - [INFO]: 	[BATCH 1600/2009] Loss: 0.2108 | Acc: 87.33%
[2025-10-06 16:29:59] - [model_utils.py:103] - [INFO]: 	[BATCH 1700/2009] Loss: 0.2383 | Acc: 79.58%
